<?xml version="1.0" encoding="UTF-8"?>

<beans xmlns="http://www.springframework.org/schema/beans"
       xmlns:xsi="http://www.w3.org/2001/XMLSchema-instance"
       xmlns:sofa="http://sofastack.io/schema/sofaboot"
       xmlns:context="http://www.springframework.org/schema/context"
       xsi:schemaLocation="http://www.springframework.org/schema/beans http://www.springframework.org/schema/beans/spring-beans.xsd
            http://sofastack.io/schema/sofaboot   http://sofastack.io/schema/sofaboot.xsd"
       default-autowire="byName">

    <bean id="xmlSampleService" class="com.alipay.sofa.runtime.beans.impl.XmlSampleService"/>
    <bean id="xmlSampleServiceWithUniqueId" class="com.alipay.sofa.runtime.beans.impl.XmlSampleServiceWithUniqueId"/>

    <sofa:service ref="xmlSampleService" interface="com.alipay.sofa.runtime.beans.service.SampleService"/>
    <sofa:service ref="xmlSampleServiceWithUniqueId" interface="com.alipay.sofa.runtime.beans.service.SampleService" unique-id="xml"/>

    <sofa:reference id="xmlReference" interface="com.alipay.sofa.runtime.beans.service.SampleService"/>
    <sofa:reference id="xmlReferenceWithUniqueId" interface="com.alipay.sofa.runtime.beans.service.SampleService" unique-id="xml"/>
</beans>